--------------------
q1 > Test #17

name:        check-equal?
location:    q1-bb.rkt:173:4
expression:  (check-equal? (racket-vy (world-racket (world-after-n-ticks WORLD-RACKET-WITH-6SPEED-63TICK 1))) 0 "racket's velocity vy should be 0 after 64 ticks as collision takes place")
params:      '(-6 0)
message:     "racket's velocity vy should be 0 after 64 ticks as collision takes place"
actual:      -6
expected:    0
--------------------
--------------------
q1 > Test #20

name:        check-equal?
location:    q1-bb.rkt:194:4
expression:  (check-equal? (world-ready-to-serve? (world-after-n-ticks WORLD-RALLY-STATE (+ 116 (/ 3 SPEED)))) true "The world should be in ready-to-serve state after 3 seconds of real time the ball collides bottom wall after 115 tick")
params:      '(#false #true)
message:     "The world should be in ready-to-serve state after 3 seconds of real time the ball collides bottom wall after 115 tick"
actual:      #false
expected:    #true
--------------------
19 success(es) 2 failure(s) 0 error(s) 21 test(s) run
extras.rkt Wed Sep 14 08:52:19 2016
q1.rkt appears to be in a correctly named folder. Running tests...
Running tests from q1.rkt...
All tests passed (65 tests).
2
