--------------------
q1 > Test #12
Test #12
FAILURE
name:       check-true
location:   q2-bb.rkt:152:3
params:     #f
expression: (check-true (well-typed? (block (var "r") (block (var "a") (op "+") (block (var "b") (call (var "a") (list (call (var "a") (list)) (call (var "a") (list (lit 7))))) (block (var "c") (block (var "c") (call (var "a") (list (var "b") (lit 5))) (var "a")) (var "c")))) (block (var "f") (var "r") (block (var "x") (call (var "f") (list (lit 9))) (call (var "r") (list (var "x"))))))))
message:    "well-typed? fn should return true"
Check failure
--------------------
--------------------
q1 > Test #13
Test #13
FAILURE
name:       check-true
location:   q2-bb.rkt:181:3
params:     #f
expression: (check-true (well-typed? (call (block (var "a") (call (op "*") (list (lit 5) (lit 9))) (block (var "b") (block (var "c") (lit 5) (op "-")) (block (var "d") (call (var "b") (list (lit 5) (var "a"))) (var "b")))) (list (lit 7) (lit 6)))))
message:    "well-typed? fn should return true"
Check failure
--------------------
13 success(es) 2 failure(s) 0 error(s) 15 test(s) run
extras.rkt Wed Sep 14 08:52:19 2016
q1.rkt appears to be in a correctly named folder. Running tests...
Running tests from q1.rkt...
All tests passed (21 tests).
q2.rkt appears to be in a correctly named folder. Running tests...
Running tests from q2.rkt...
All tests passed (42 tests).
2
